<?xml version="1.0" encoding="UTF-8"?>
<testng-results skipped="0" failed="0" ignored="0" total="3" passed="3">
  <reporter-output>
  </reporter-output>
  <suite name="Amazon App is running on Chrome Browser" duration-ms="89451" started-at="2018-09-22T15:51:02Z" finished-at="2018-09-22T15:52:32Z">
    <groups>
    </groups>
    <test name="Home Page" duration-ms="89451" started-at="2018-09-22T15:51:02Z" finished-at="2018-09-22T15:52:32Z">
      <class name="AccountFeature">
        <test-method status="PASS" signature="setUp(boolean, java.lang.String, java.lang.String, java.lang.String, java.lang.String, java.lang.String, java.lang.String)[pri:0, instance:AccountFeature@5fbe4146]" name="setUp" is-config="true" duration-ms="15480" started-at="2018-09-22T15:51:02Z" finished-at="2018-09-22T15:51:18Z">
          <params>
            <param index="0">
              <value>
                <![CDATA[false]]>
              </value>
            </param>
            <param index="1">
              <value>
                <![CDATA[mdalam]]>
              </value>
            </param>
            <param index="2">
              <value>
                <![CDATA[662b4ed7-1a59-4ab2-ae8c-2dfe1e32f4aa]]>
              </value>
            </param>
            <param index="3">
              <value>
                <![CDATA[https://app.edu.buncee.com/]]>
              </value>
            </param>
            <param index="4">
              <value>
                <![CDATA[windows]]>
              </value>
            </param>
            <param index="5">
              <value>
                <![CDATA[chrome]]>
              </value>
            </param>
            <param index="6">
              <value>
                <![CDATA[45.0.2454.93]]>
              </value>
            </param>
          </params>
          <reporter-output>
          </reporter-output>
        </test-method> <!-- setUp -->
        <test-method status="PASS" signature="addAddress()[pri:0, instance:AccountFeature@5fbe4146]" name="addAddress" duration-ms="1" started-at="2018-09-22T15:51:18Z" finished-at="2018-09-22T15:51:18Z">
          <reporter-output>
          </reporter-output>
        </test-method> <!-- addAddress -->
        <test-method status="PASS" signature="cleanUp()[pri:0, instance:AccountFeature@5fbe4146]" name="cleanUp" is-config="true" duration-ms="846" started-at="2018-09-22T15:51:18Z" finished-at="2018-09-22T15:51:19Z">
          <reporter-output>
          </reporter-output>
        </test-method> <!-- cleanUp -->
        <test-method status="PASS" signature="setUp(boolean, java.lang.String, java.lang.String, java.lang.String, java.lang.String, java.lang.String, java.lang.String)[pri:0, instance:AccountFeature@5fbe4146]" name="setUp" is-config="true" duration-ms="10964" started-at="2018-09-22T15:51:19Z" finished-at="2018-09-22T15:51:29Z">
          <params>
            <param index="0">
              <value>
                <![CDATA[false]]>
              </value>
            </param>
            <param index="1">
              <value>
                <![CDATA[mdalam]]>
              </value>
            </param>
            <param index="2">
              <value>
                <![CDATA[662b4ed7-1a59-4ab2-ae8c-2dfe1e32f4aa]]>
              </value>
            </param>
            <param index="3">
              <value>
                <![CDATA[https://app.edu.buncee.com/]]>
              </value>
            </param>
            <param index="4">
              <value>
                <![CDATA[windows]]>
              </value>
            </param>
            <param index="5">
              <value>
                <![CDATA[chrome]]>
              </value>
            </param>
            <param index="6">
              <value>
                <![CDATA[45.0.2454.93]]>
              </value>
            </param>
          </params>
          <reporter-output>
          </reporter-output>
        </test-method> <!-- setUp -->
        <test-method status="PASS" signature="login()[pri:0, instance:AccountFeature@5fbe4146]" name="login" duration-ms="22815" started-at="2018-09-22T15:51:29Z" finished-at="2018-09-22T15:51:52Z">
          <reporter-output>
          </reporter-output>
        </test-method> <!-- login -->
        <test-method status="PASS" signature="cleanUp()[pri:0, instance:AccountFeature@5fbe4146]" name="cleanUp" is-config="true" duration-ms="836" started-at="2018-09-22T15:51:52Z" finished-at="2018-09-22T15:51:53Z">
          <reporter-output>
          </reporter-output>
        </test-method> <!-- cleanUp -->
        <test-method status="PASS" signature="setUp(boolean, java.lang.String, java.lang.String, java.lang.String, java.lang.String, java.lang.String, java.lang.String)[pri:0, instance:AccountFeature@5fbe4146]" name="setUp" is-config="true" duration-ms="9608" started-at="2018-09-22T15:51:53Z" finished-at="2018-09-22T15:52:03Z">
          <params>
            <param index="0">
              <value>
                <![CDATA[false]]>
              </value>
            </param>
            <param index="1">
              <value>
                <![CDATA[mdalam]]>
              </value>
            </param>
            <param index="2">
              <value>
                <![CDATA[662b4ed7-1a59-4ab2-ae8c-2dfe1e32f4aa]]>
              </value>
            </param>
            <param index="3">
              <value>
                <![CDATA[https://app.edu.buncee.com/]]>
              </value>
            </param>
            <param index="4">
              <value>
                <![CDATA[windows]]>
              </value>
            </param>
            <param index="5">
              <value>
                <![CDATA[chrome]]>
              </value>
            </param>
            <param index="6">
              <value>
                <![CDATA[45.0.2454.93]]>
              </value>
            </param>
          </params>
          <reporter-output>
          </reporter-output>
        </test-method> <!-- setUp -->
        <test-method status="PASS" signature="logout()[pri:0, instance:AccountFeature@5fbe4146]" name="logout" duration-ms="28016" started-at="2018-09-22T15:52:03Z" finished-at="2018-09-22T15:52:31Z">
          <reporter-output>
          </reporter-output>
        </test-method> <!-- logout -->
        <test-method status="PASS" signature="cleanUp()[pri:0, instance:AccountFeature@5fbe4146]" name="cleanUp" is-config="true" duration-ms="845" started-at="2018-09-22T15:52:31Z" finished-at="2018-09-22T15:52:32Z">
          <reporter-output>
          </reporter-output>
        </test-method> <!-- cleanUp -->
      </class> <!-- AccountFeature -->
    </test> <!-- Home Page -->
  </suite> <!-- Amazon App is running on Chrome Browser -->
</testng-results>
